<?xml version="1.0" encoding="UTF-8"?>
<!-- Generated by org.testng.reporters.JUnitReportReporter -->
<testsuite hostname="Poojashri-Tej" failures="2" tests="4" name="Runner.Run" time="35.841" errors="0" timestamp="2024-03-25T22:11:39 IST" skipped="0">
  <testcase classname="Runner.Run" name="runScenario" time="9.085"/>
  <system-out/>
  <testcase classname="Runner.Run" name="runScenario" time="6.605">
    <failure message="expected [true] but found [false]" type="java.lang.AssertionError">
      <![CDATA[java.lang.AssertionError: expected [true] but found [false]
at org.testng.Assert.fail(Assert.java:99)
at org.testng.Assert.failNotEquals(Assert.java:1037)
at org.testng.Assert.assertTrue(Assert.java:45)
at org.testng.Assert.assertTrue(Assert.java:55)
at StepDefi.StepDefi.page_title_should_be(StepDefi.java:132)
at ✽.Page Title should be "Your store. Login1"(file:///C:/Users/Hp/Two/BDD_Demo_Project4_TestNG_Multi_StepDefi/./Features/Login.feature:12)
]]>
    </failure>
  </testcase> <!-- runScenario -->
  <system-out/>
  <testcase classname="Runner.Run" name="runScenario" time="4.551">
    <failure message="expected [true] but found [false]" type="java.lang.AssertionError">
      <![CDATA[java.lang.AssertionError: expected [true] but found [false]
at org.testng.Assert.fail(Assert.java:99)
at org.testng.Assert.failNotEquals(Assert.java:1037)
at org.testng.Assert.assertTrue(Assert.java:45)
at org.testng.Assert.assertTrue(Assert.java:55)
at StepDefi.StepDefi.page_title_should_be(StepDefi.java:132)
at ✽.Page Title should be "Dashboard / nopCommerce administration"(file:///C:/Users/Hp/Two/BDD_Demo_Project4_TestNG_Multi_StepDefi/./Features/Login.feature:21)
]]>
    </failure>
  </testcase> <!-- runScenario -->
  <system-out/>
  <testcase classname="Runner.Run" name="runScenario" time="15.600"/>
  <system-out/>
</testsuite> <!-- Runner.Run -->
